<?xml version="1.0" encoding="UTF-8"?>
<!-- Generated by org.testng.reporters.JUnitXMLReporter -->
<testsuite ignored="0" hostname="DESKTOP-C28O1GT" failures="2" tests="12" name="Test" time="63.293" errors="0" timestamp="04 Nov 2023 15:08:02 GMT">
  <testcase classname="com.tutorialninjademo_Tests.Register_Test" name="verifyingRegisterWithMandatoryFields" time="1.379"/>
  <testcase classname="com.tutorialninjademo_Tests.Search_Product" name="verifySearchWithValidProduct" time="0.657"/>
  <testcase classname="com.tutorialninjademo_Tests.Login_Test" name="verifyLoginWithValidCredentials" time="0.961"/>
  <testcase classname="com.tutorialninjademo_Tests.Register_Test" name="verifyingRegisterWithAllFields" time="3.296"/>
  <testcase classname="com.tutorialninjademo_Tests.Search_Product" name="verifySearchWithInvalidProduct" time="0.528"/>
  <testcase classname="com.tutorialninjademo_Tests.Login_Test" name="verifyLoginWithInvalidCredentials" time="0.683">
    <failure type="java.lang.AssertionError" message="expected [true] but found [false]">
      <![CDATA[java.lang.AssertionError: expected [true] but found [false]
	at com.tutorialninjademo_Tests.Login_Test.verifyLoginWithInvalidCredentials(Login_Test.java:51)
... Removed 29 stack frames]]>
    </failure>
  </testcase> <!-- verifyLoginWithInvalidCredentials -->
  <testcase classname="com.tutorialninjademo_Tests.Register_Test" name="verifyingRegisterWithExistingEmail" time="0.993"/>
  <testcase classname="com.tutorialninjademo_Tests.Search_Product" name="verifySearchWithNoProduct" time="0.433"/>
  <testcase classname="com.tutorialninjademo_Tests.Login_Test" name="verifyLoginWithValidEmailInvalidPassword" time="0.704"/>
  <testcase classname="com.tutorialninjademo_Tests.Register_Test" name="verifyingRegisterWithNoFields" time="0.564"/>
  <testcase classname="com.tutorialninjademo_Tests.Login_Test" name="verifyLoginWithInvalidEmailValidPassword" time="0.664">
    <failure type="java.lang.AssertionError" message="expected [true] but found [false]">
      <![CDATA[java.lang.AssertionError: expected [true] but found [false]
	at com.tutorialninjademo_Tests.Login_Test.verifyLoginWithInvalidEmailValidPassword(Login_Test.java:73)
... Removed 29 stack frames]]>
    </failure>
  </testcase> <!-- verifyLoginWithInvalidEmailValidPassword -->
  <testcase classname="com.tutorialninjademo_Tests.Login_Test" name="verifyLoginWithNoCredentials" time="0.499"/>
</testsuite> <!-- Test -->
